REST on  3000
Discord client ready
[ 'ayt76>Nooo' ]
[ 'ayt76>Nooo', 'paper>oh no' ]
[ 'ayt76>Nooo', 'paper>oh no', 'paper>im sorry' ]
[
  'ayt76>Nooo',
  'paper>oh no',
  'paper>im sorry',
  'paper>damn that soun',
  'ds good'
]
[
  'paper>damn that soun',
  'ds good',
  'ayt76>I forgot about',
  ' it yesterday becaus',
  'e I was just so tire',
  'd after work'
]
[
  'e I was just so tire',
  'd after work',
  'ayt76>And my mom kep',
  't draining me by tel',
  'ling you to do thing',
  's and girly'
]
[
  'd after work',
  'ayt76>And my mom kep',
  't draining me by tel',
  'ling you to do thing',
  's and girly',
  'paper>oh'
]
[
  'ayt76>And my mom kep',
  't draining me by tel',
  'ling you to do thing',
  's and girly',
  'paper>oh',
  'paper>that suck'
]
[
  't draining me by tel',
  'ling you to do thing',
  's and girly',
  'paper>oh',
  'paper>that suck',
  'paper>s'
]
[
  's and girly',
  'paper>oh',
  'paper>that suck',
  'paper>s',
  'paper>i dont like it',
  ' when that happens'
]
[
  'paper>that suck',
  'paper>s',
  'paper>i dont like it',
  ' when that happens',
  'paper>its been super',
  ' nice even for me'
]
[
  'paper>i dont like it',
  ' when that happens',
  'paper>its been super',
  ' nice even for me',
  'paper>to not have to',
  ' like'
]
[
  ' nice even for me',
  'paper>to not have to',
  ' like',
  'paper>deal with pare',
  'nts being weird or a',
  'ngry'
]
[
  'paper>deal with pare',
  'nts being weird or a',
  'ngry',
  'paper>so i bet it wi',
  'll be super nice for',
  ' u next sem'
]
[
  'ngry',
  'paper>so i bet it wi',
  'll be super nice for',
  ' u next sem',
  'paper>when u move ou',
  't'
]
[
  'paper>so i bet it wi',
  'll be super nice for',
  ' u next sem',
  'paper>when u move ou',
  't',
  'ayt76>Mhm'
]
[
  'll be super nice for',
  ' u next sem',
  'paper>when u move ou',
  't',
  'ayt76>Mhm',
  'paper>well hugs ok'
]
[
  ' u next sem',
  'paper>when u move ou',
  't',
  'ayt76>Mhm',
  'paper>well hugs ok',
  'paper>im sorry'
]
[
  'ayt76>Mhm',
  'paper>well hugs ok',
  'paper>im sorry',
  'paper>oo i got the d',
  'iscord thing working',
  ' better'
]
[
  'paper>im sorry',
  'paper>oo i got the d',
  'iscord thing working',
  ' better',
  'paper>its hosted on ',
  'the pie now'
]
[
  'iscord thing working',
  ' better',
  'paper>its hosted on ',
  'the pie now',
  'paper>well i have li',
  'ke'
]
[
  ' better',
  'paper>its hosted on ',
  'the pie now',
  'paper>well i have li',
  'ke',
  'paper>2 hrs'
]
[
  'the pie now',
  'paper>well i have li',
  'ke',
  'paper>2 hrs',
  'paper>before moss ha',
  's to go'
]
[
  'ke',
  'paper>2 hrs',
  'paper>before moss ha',
  's to go',
  'paper>leaving at 3:1',
  '2 is about right'
]
[
  'paper>before moss ha',
  's to go',
  'paper>leaving at 3:1',
  '2 is about right',
  'paper>to catch the r',
  'ight buss'
]
[
  'paper>leaving at 3:1',
  '2 is about right',
  'paper>to catch the r',
  'ight buss',
  'paper>and still have',
  ' some spare'
]
[
  'paper>to catch the r',
  'ight buss',
  'paper>and still have',
  ' some spare',
  'paper>so he can leav',
  'e at like 3'
]
[
  'ight buss',
  'paper>and still have',
  ' some spare',
  'paper>so he can leav',
  'e at like 3',
  'ayt76>Mhm'
]
[
  'paper>and still have',
  ' some spare',
  'paper>so he can leav',
  'e at like 3',
  'ayt76>Mhm',
  'ayt76>Ok'
]
[
  'e at like 3',
  'ayt76>Mhm',
  'ayt76>Ok',
  'ayt76>Oh weird I don',
  "'t have to go to wor",
  'k'
]
[
  'ayt76>Ok',
  'ayt76>Oh weird I don',
  "'t have to go to wor",
  'k',
  'paper>oh fuck i shou',
  'ld eat'
]
[
  'ayt76>Oh weird I don',
  "'t have to go to wor",
  'k',
  'paper>oh fuck i shou',
  'ld eat',
  'paper>oh why?'
]
[
  "'t have to go to wor",
  'k',
  'paper>oh fuck i shou',
  'ld eat',
  'paper>oh why?',
  'paper>oh yeh'
]
[
  'k',
  'paper>oh fuck i shou',
  'ld eat',
  'paper>oh why?',
  'paper>oh yeh',
  'paper>its sunday'
]
[
  'paper>oh fuck i shou',
  'ld eat',
  'paper>oh why?',
  'paper>oh yeh',
  'paper>its sunday',
  'paper>lol'
]
[
  'ld eat',
  'paper>oh why?',
  'paper>oh yeh',
  'paper>its sunday',
  'paper>lol',
  'paper>hmm'
]
[
  'paper>oh why?',
  'paper>oh yeh',
  'paper>its sunday',
  'paper>lol',
  'paper>hmm',
  'ayt76>Yeah'
]
[
  'paper>its sunday',
  'paper>lol',
  'paper>hmm',
  'ayt76>Yeah',
  'paper>i should reall',
  'y eat'
]
[
  'ayt76>Yeah',
  'paper>i should reall',
  'y eat',
  "ayt76>I just haven't",
  ' been home on a Sund',
  'ay in so long'
]
[
  'y eat',
  "ayt76>I just haven't",
  ' been home on a Sund',
  'ay in so long',
  'paper>im gonna go do',
  ' that'
]
[
  "ayt76>I just haven't",
  ' been home on a Sund',
  'ay in so long',
  'paper>im gonna go do',
  ' that',
  'paper>oh yeah lol'
]
[
  'ay in so long',
  'paper>im gonna go do',
  ' that',
  'paper>oh yeah lol',
  "paper>you've ocme ov",
  'er like the last 3'
]
[
  'paper>oh yeah lol',
  "paper>you've ocme ov",
  'er like the last 3',
  'ayt76>I should reall',
  'y have some time to ',
  'myself'
]
[
  "paper>you've ocme ov",
  'er like the last 3',
  'ayt76>I should reall',
  'y have some time to ',
  'myself',
  'paper>ok'
]
[
  'ayt76>I should reall',
  'y have some time to ',
  'myself',
  'paper>ok',
  'paper>you take some ',
  'time to yourself'
]
[
  'y have some time to ',
  'myself',
  'paper>ok',
  'paper>you take some ',
  'time to yourself',
  'paper>i wont text u'
]
[
  'paper>ok',
  'paper>you take some ',
  'time to yourself',
  'paper>i wont text u',
  'ayt76>But I have Eng',
  'lish 😭🥺'
]
[
  'paper>you take some ',
  'time to yourself',
  'paper>i wont text u',
  'ayt76>But I have Eng',
  'lish 😭🥺',
  'paper>oh'
]
[
  'time to yourself',
  'paper>i wont text u',
  'ayt76>But I have Eng',
  'lish 😭🥺',
  'paper>oh',
  'ayt76>:('
]
[
  'paper>i wont text u',
  'ayt76>But I have Eng',
  'lish 😭🥺',
  'paper>oh',
  'ayt76>:(',
  "ayt76>I'm so sad"
]
[
  'lish 😭🥺',
  'paper>oh',
  'ayt76>:(',
  "ayt76>I'm so sad",
  'paper>do you need he',
  'lp w english?'
]
[
  'paper>oh',
  'ayt76>:(',
  "ayt76>I'm so sad",
  'paper>do you need he',
  'lp w english?',
  'ayt76>Yeah'
]
[
  'ayt76>:(',
  "ayt76>I'm so sad",
  'paper>do you need he',
  'lp w english?',
  'ayt76>Yeah',
  'ayt76>I kinda do'
]
[
  "ayt76>I'm so sad",
  'paper>do you need he',
  'lp w english?',
  'ayt76>Yeah',
  'ayt76>I kinda do',
  'paper>how about this'
]
[
  'paper>do you need he',
  'lp w english?',
  'ayt76>Yeah',
  'ayt76>I kinda do',
  'paper>how about this',
  'paper>i go eat'
]
[
  'lp w english?',
  'ayt76>Yeah',
  'ayt76>I kinda do',
  'paper>how about this',
  'paper>i go eat',
  'paper>30 min'
]
[
  'paper>how about this',
  'paper>i go eat',
  'paper>30 min',
  'paper>then i can wor',
  'k on it for like an ',
  'hour with you'
]
[
  'paper>i go eat',
  'paper>30 min',
  'paper>then i can wor',
  'k on it for like an ',
  'hour with you',
  'ayt76>Okay'
]
[
  'paper>then i can wor',
  'k on it for like an ',
  'hour with you',
  'ayt76>Okay',
  'paper>i wont text u ',
  'while i eat'
]
[
  'ayt76>Okay',
  'paper>i wont text u ',
  'while i eat',
  'paper>so you can tak',
  'e a tiny bit of self',
  ' care time'
]
[
  'paper>i wont text u ',
  'while i eat',
  'paper>so you can tak',
  'e a tiny bit of self',
  ' care time',
  'ayt76>That so ok'
]
[
  'paper>so you can tak',
  'e a tiny bit of self',
  ' care time',
  'ayt76>That so ok',
  'paper>and like go na',
  'p or whater'
]
[
  'e a tiny bit of self',
  ' care time',
  'ayt76>That so ok',
  'paper>and like go na',
  'p or whater',
  'ayt76>Mhm'
]
[
  ' care time',
  'ayt76>That so ok',
  'paper>and like go na',
  'p or whater',
  'ayt76>Mhm',
  'paper>k?'
]
[
  'ayt76>That so ok',
  'paper>and like go na',
  'p or whater',
  'ayt76>Mhm',
  'paper>k?',
  'ayt76>Ok'
]
[
  'paper>and like go na',
  'p or whater',
  'ayt76>Mhm',
  'paper>k?',
  'ayt76>Ok',
  'paper>alr'
]
[
  'ayt76>Mhm',
  'paper>k?',
  'ayt76>Ok',
  'paper>alr',
  'paper><@640268655912',
  '812554>'
]
[
  'paper>alr',
  'paper><@640268655912',
  '812554>',
  'paper>you ready to w',
  'ork on writing stuff',
  ' now?'
]
[
  '812554>',
  'paper>you ready to w',
  'ork on writing stuff',
  ' now?',
  'ayt76>A little longe',
  'r'
]
[
  'paper>you ready to w',
  'ork on writing stuff',
  ' now?',
  'ayt76>A little longe',
  'r',
  'ayt76>Not much'
]
[
  'ork on writing stuff',
  ' now?',
  'ayt76>A little longe',
  'r',
  'ayt76>Not much',
  'paper>ok'
]
[
  ' now?',
  'ayt76>A little longe',
  'r',
  'ayt76>Not much',
  'paper>ok',
  'paper>just @ me'
]
[
  'r',
  'ayt76>Not much',
  'paper>ok',
  'paper>just @ me',
  'paper>hey <@64026865',
  '5912812554>'
]
[
  'paper>ok',
  'paper>just @ me',
  'paper>hey <@64026865',
  '5912812554>',
  'paper>its been anoth',
  'er 20 min'
]
[
  'paper>hey <@64026865',
  '5912812554>',
  'paper>its been anoth',
  'er 20 min',
  'paper>i only have an',
  ' hour left'
]
[
  '5912812554>',
  'paper>its been anoth',
  'er 20 min',
  'paper>i only have an',
  ' hour left',
  'ayt76>Sorry'
]
[
  'paper>its been anoth',
  'er 20 min',
  'paper>i only have an',
  ' hour left',
  'ayt76>Sorry',
  "ayt76>I'm horny"
]
[
  'er 20 min',
  'paper>i only have an',
  ' hour left',
  'ayt76>Sorry',
  "ayt76>I'm horny",
  'ayt76>MI ok not'
]
[
  'paper>i only have an',
  ' hour left',
  'ayt76>Sorry',
  "ayt76>I'm horny",
  'ayt76>MI ok not',
  'ayt76>Lol'
]
[
  ' hour left',
  'ayt76>Sorry',
  "ayt76>I'm horny",
  'ayt76>MI ok not',
  'ayt76>Lol',
  'ayt76>Sorry'
]
[
  'ayt76>Sorry',
  "ayt76>I'm horny",
  'ayt76>MI ok not',
  'ayt76>Lol',
  'ayt76>Sorry',
  'ayt76>Hugs'
]
[
  'ayt76>MI ok not',
  'ayt76>Lol',
  'ayt76>Sorry',
  'ayt76>Hugs',
  'ayt76>I just wanted ',
  'to get fucked'
]
[
  'ayt76>Lol',
  'ayt76>Sorry',
  'ayt76>Hugs',
  'ayt76>I just wanted ',
  'to get fucked',
  'ayt76>And cubed in'
]
[
  'ayt76>Sorry',
  'ayt76>Hugs',
  'ayt76>I just wanted ',
  'to get fucked',
  'ayt76>And cubed in',
  'ayt76>Both holes'
]
[
  'ayt76>Hugs',
  'ayt76>I just wanted ',
  'to get fucked',
  'ayt76>And cubed in',
  'ayt76>Both holes',
  'ayt76>Deapy'
]
[
  'ayt76>I just wanted ',
  'to get fucked',
  'ayt76>And cubed in',
  'ayt76>Both holes',
  'ayt76>Deapy',
  'paper>Hi'
]
[
  'ayt76>And cubed in',
  'ayt76>Both holes',
  'ayt76>Deapy',
  'paper>Hi',
  'paper>Sorry my mom c',
  'alled'
]
[
  'ayt76>Both holes',
  'ayt76>Deapy',
  'paper>Hi',
  'paper>Sorry my mom c',
  'alled',
  "ayt76>It's ok"
]
[
  'ayt76>Deapy',
  'paper>Hi',
  'paper>Sorry my mom c',
  'alled',
  "ayt76>It's ok",
  "paper>You're good"
]
[
  'paper>Sorry my mom c',
  'alled',
  "ayt76>It's ok",
  "paper>You're good",
  'ayt76>I want to suck',
  ' you for a long time'
]
[
  'alled',
  "ayt76>It's ok",
  "paper>You're good",
  'ayt76>I want to suck',
  ' you for a long time',
  'paper>Lol'
]
[
  "ayt76>It's ok",
  "paper>You're good",
  'ayt76>I want to suck',
  ' you for a long time',
  'paper>Lol',
  'ayt76>Nom nom'
]
[
  'ayt76>I want to suck',
  ' you for a long time',
  'paper>Lol',
  'ayt76>Nom nom',
  'paper>I wanna fuck y',
  'ou too'
]
[
  'paper>Lol',
  'ayt76>Nom nom',
  'paper>I wanna fuck y',
  'ou too',
  'paper>That would be ',
  'nice'
]
[
  'paper>You can suck m',
  'e for a while, then ',
  'I can fuck you, cum,',
  ' clean up, and you c',
  'an suck the part sof',
  't dick'
]
[
  'e for a while, then ',
  'I can fuck you, cum,',
  ' clean up, and you c',
  'an suck the part sof',
  't dick',
  'paper>How about that'
]
[
  'I can fuck you, cum,',
  ' clean up, and you c',
  'an suck the part sof',
  't dick',
  'paper>How about that',
  'ayt76>Mhm'
]
[
  ' clean up, and you c',
  'an suck the part sof',
  't dick',
  'paper>How about that',
  'ayt76>Mhm',
  'paper>Vc?'
]
[
  'an suck the part sof',
  't dick',
  'paper>How about that',
  'ayt76>Mhm',
  'paper>Vc?',
  'ayt76>Arbor music'
]
[
  't dick',
  'paper>How about that',
  'ayt76>Mhm',
  'paper>Vc?',
  'ayt76>Arbor music',
  'ayt76>Too'
]
[
  'ayt76>Mhm',
  'paper>Vc?',
  'ayt76>Arbor music',
  'ayt76>Too',
  'paper>And work on yo',
  'ur writing?'
]
[
  'paper>Vc?',
  'ayt76>Arbor music',
  'ayt76>Too',
  'paper>And work on yo',
  'ur writing?',
  "ayt76>Yes it's"
]
[
  'ayt76>Arbor music',
  'ayt76>Too',
  'paper>And work on yo',
  'ur writing?',
  "ayt76>Yes it's",
  'paper>'
]
[
  'ayt76>Too',
  'paper>And work on yo',
  'ur writing?',
  "ayt76>Yes it's",
  'paper>',
  'paper>'
]
[
  "ayt76>Yes it's",
  'paper>',
  'paper>',
  'paper><@640268655912',
  '812554>  can u hear ',
  'me'
]
[
  'paper>',
  'paper>',
  'paper><@640268655912',
  '812554>  can u hear ',
  'me',
  'ayt76>'
]
[
  'paper>',
  'paper><@640268655912',
  '812554>  can u hear ',
  'me',
  'ayt76>',
  'paper>'
]
[
  'paper><@640268655912',
  '812554>  can u hear ',
  'me',
  'ayt76>',
  'paper>',
  'paper>'
]
[
  'me',
  'ayt76>',
  'paper>',
  'paper>',
  'ayt76>Oh he got even',
  ' more undrested'
]
[
  'ayt76>',
  'paper>',
  'paper>',
  'ayt76>Oh he got even',
  ' more undrested',
  'paper>a'
]
node:events:495
      throw er; // Unhandled 'error' event
      ^

Error: listen EADDRINUSE: address already in use :::3000
    at Server.setupListenHandle [as _listen2] (node:net:1811:16)
    at listenInCluster (node:net:1859:12)
    at Server.listen (node:net:1947:7)
    at Function.listen (/home/arbor/discord_esp32/node_modules/express/lib/application.js:635:24)
    at Object.<anonymous> (/home/arbor/discord_esp32/index.js:11:5)
    at Module._compile (node:internal/modules/cjs/loader:1356:14)
    at Module._extensions..js (node:internal/modules/cjs/loader:1414:10)
    at Module.load (node:internal/modules/cjs/loader:1197:32)
    at Module._load (node:internal/modules/cjs/loader:1013:12)
    at Function.executeUserEntryPoint [as runMain] (node:internal/modules/run_main:128:12)
Emitted 'error' event on Server instance at:
    at emitErrorNT (node:net:1838:8)
    at process.processTicksAndRejections (node:internal/process/task_queues:82:21) {
  code: 'EADDRINUSE',
  errno: -98,
  syscall: 'listen',
  address: '::',
  port: 3000
}

Node.js v18.19.0
[
  'paper>',
  'paper>',
  'ayt76>Oh he got even',
  ' more undrested',
  'paper>a',
  'paper>b'
]
[
  'paper>',
  'ayt76>Oh he got even',
  ' more undrested',
  'paper>a',
  'paper>b',
  'paper>c'
]
[
  'ayt76>Oh he got even',
  ' more undrested',
  'paper>a',
  'paper>b',
  'paper>c',
  'paper>d'
]
[
  ' more undrested',
  'paper>a',
  'paper>b',
  'paper>c',
  'paper>d',
  'paper>e'
]
[
  'paper>b',
  'paper>c',
  'paper>d',
  'paper>e',
  'ayt76>337 7th St W, ',
  'St Paul, MN 55102'
]
[
  'paper>d',
  'paper>e',
  'ayt76>337 7th St W, ',
  'St Paul, MN 55102',
  'ayt76>337 7th St W, ',
  'St Paul, MN 55102'
]
REST on  3000
Discord client ready
[
  'symptoms, not that a',
  'nnoying\n- anxity med',
  ' like guanfacine\n- u',
  'sed for like tests a',
  'nd stuff\n## asenapin',
  'e\n-'
]
http - start an HTTP tunnel

USAGE:
  ngrok http [address:port | port] [flags]

AUTHOR:
  ngrok - <support@ngrok.com>

COMMANDS: 
  config          update or migrate ngrok's configuration file
  http            start an HTTP tunnel
  tcp             start a TCP tunnel
  tunnel          start a tunnel for use with a tunnel-group backend

EXAMPLES: 
  ngrok http 80                                                 # secure public URL for port 80 web server
  ngrok http --url baz.ngrok.dev 8080                           # port 8080 available at baz.ngrok.dev
  ngrok tcp 22                                                  # tunnel arbitrary TCP traffic to port 22
  ngrok http 80 --oauth=google --oauth-allow-email=foo@foo.com  # secure your app with oauth

Paid Features: 
  ngrok http 80 --url mydomain.com                              # run ngrok with your own custom domain
  ngrok http 80 --cidr-allow 2600:8c00::a03c:91ee:fe69:9695/32  # run ngrok with IP policy restrictions
  Upgrade your account at https://dashboard.ngrok.com/billing/subscription to access paid features

Upgrade your account at https://dashboard.ngrok.com/billing/subscription to access paid features

Flags:
  -h, --help      help for ngrok

Use "ngrok [command] --help" for more information about a command.

ERROR:  authentication failed: Your account is limited to 1 simultaneous ngrok agent sessions.
ERROR:  You can run multiple simultaneous tunnels from a single agent session by defining the tunnels in your agent configuration file and starting them with the command `ngrok start --all`.
ERROR:  Read more about the agent configuration file: https://ngrok.com/docs/secure-tunnels/ngrok-agent/reference/config
ERROR:  You can view your current agent sessions in the dashboard:
ERROR:  https://dashboard.ngrok.com/tunnels/agents
ERROR:  
ERROR:  ERR_NGROK_108
ERROR:  https://ngrok.com/docs/errors/err_ngrok_108
ERROR:  
REST on  3000
Discord client ready
[ 'ayt76>4 times' ]
[ 'ayt76>4 times', 'ayt76>damm' ]
[ 'ayt76>4 times', 'ayt76>damm', 'ayt76>i dident even ', 'know' ]
[
  'ayt76>4 times',
  'ayt76>damm',
  'ayt76>i dident even ',
  'know',
  'ayt76>i fell aslep 2',
  ' after'
]
[
  'know',
  'ayt76>i fell aslep 2',
  ' after',
  'ayt76>and all of the',
  'm werere kinda about',
  ' you'
]
[
  'ayt76>i fell aslep 2',
  ' after',
  'ayt76>and all of the',
  'm werere kinda about',
  ' you',
  'ayt76>...'
]
[
  ' after',
  'ayt76>and all of the',
  'm werere kinda about',
  ' you',
  'ayt76>...',
  'ayt76>emarearsed'
]
[
  'ayt76>and all of the',
  'm werere kinda about',
  ' you',
  'ayt76>...',
  'ayt76>emarearsed',
  'ayt76>not relly'
]
[
  'm werere kinda about',
  ' you',
  'ayt76>...',
  'ayt76>emarearsed',
  'ayt76>not relly',
  'ayt76>y'
]
[
  'ayt76>emarearsed',
  'ayt76>not relly',
  'ayt76>y',
  'ayt76>i think i have',
  ' been craveing sex a',
  ' bit more than uesal'
]
[
  'ayt76>not relly',
  'ayt76>y',
  'ayt76>i think i have',
  ' been craveing sex a',
  ' bit more than uesal',
  'ayt76>idk why'
]
REST on  3000
Discord client ready
[ 'paper>anbabba' ]
[ 'paper>anbabba', 'ayt76>have sex then ', 'fall aslspe' ]
[
  'ayt76>have sex then ',
  'fall aslspe',
  'ayt76>https://youtub',
  'e.com/shorts/gssWt9l',
  'WzU8?si=r4XCDkezqDLb',
  'gIzZ'
]
[
  ' got out of his cage',
  ' and the dog straigh',
  't up gave him a hear',
  't attack saying hi t',
  'o him. She was sad t',
  'he whole day.'
]
[
  ' and the dog straigh',
  't up gave him a hear',
  't attack saying hi t',
  'o him. She was sad t',
  'he whole day.',
  'paper>Wow'
]
[
  't attack saying hi t',
  'o him. She was sad t',
  'he whole day.',
  'paper>Wow',
  'paper>I only have 1 ',
  'class today'
]
[
  'he whole day.',
  'paper>Wow',
  'paper>I only have 1 ',
  'class today',
  'paper>2 of them are ',
  'cancelled'
]
[
  'paper>I only have 1 ',
  'class today',
  'paper>2 of them are ',
  'cancelled',
  'paper><@640268655912',
  '812554>'
]
REST on  3000
Discord client ready
